[debug] [2020-09-12T23:12:10.304Z] ----------------------------------------------------------------------
[debug] [2020-09-12T23:12:10.306Z] Command:       C:\Program Files\nodejs\node.exe C:\Users\ANC\AppData\Roaming\npm\node_modules\firebase-tools\lib\bin\firebase.js emulators:start
[debug] [2020-09-12T23:12:10.307Z] CLI Version:   8.10.0
[debug] [2020-09-12T23:12:10.307Z] Platform:      win32
[debug] [2020-09-12T23:12:10.307Z] Node Version:  v12.18.3
[debug] [2020-09-12T23:12:10.309Z] Time:          Sun Sep 13 2020 04:42:10 GMT+0530 (India Standard Time)
[debug] [2020-09-12T23:12:10.309Z] ----------------------------------------------------------------------
[debug] [2020-09-12T23:12:10.309Z] 
[debug] [2020-09-12T23:12:10.318Z] > command requires scopes: ["email","openid","https://www.googleapis.com/auth/cloudplatformprojects.readonly","https://www.googleapis.com/auth/firebase","https://www.googleapis.com/auth/cloud-platform"]
[debug] [2020-09-12T23:12:10.319Z] > authorizing via signed-in user
[info] i  emulators: Starting emulators: functions, hosting {"metadata":{"emulator":{"name":"hub"},"message":"Starting emulators: functions, hosting"}}
[debug] [2020-09-12T23:12:12.383Z] [hub] writing locator at C:\Users\ANC\AppData\Local\Temp\hub-challenge-aba31.json
[warn] !  functions: The following emulators are not running, calls to these services from the Functions emulator will affect production: firestore, database, pubsub {"metadata":{"emulator":{"name":"functions"},"message":"The following emulators are not running, calls to these services from the Functions emulator will affect production: \u001b[1mfirestore, database, pubsub\u001b[22m"}}
[warn] !  Your requested "node" version "10" doesn't match your global version "12" {"metadata":{"emulator":{"name":"functions"},"message":"Your requested \"node\" version \"10\" doesn't match your global version \"12\""}}
[debug] [2020-09-12T23:12:14.516Z] defaultcredentials: writing to file C:\Users\ANC\AppData\Roaming\firebase\chetanjha888_gmail_com_application_default_credentials.json
[debug] [2020-09-12T23:12:14.532Z] Setting GAC to C:\Users\ANC\AppData\Roaming\firebase\chetanjha888_gmail_com_application_default_credentials.json {"metadata":{"emulator":{"name":"functions"},"message":"Setting GAC to C:\\Users\\ANC\\AppData\\Roaming\\firebase\\chetanjha888_gmail_com_application_default_credentials.json"}}
[debug] [2020-09-12T23:12:16.582Z] >>> HTTP REQUEST GET https://firebase.googleapis.com/v1beta1/projects/challenge-aba31/webApps/-/config  
 
[debug] [2020-09-12T23:12:19.427Z] <<< HTTP RESPONSE 403 {"vary":"X-Origin, Referer, Origin,Accept-Encoding","content-type":"application/json; charset=UTF-8","date":"Sat, 12 Sep 2020 23:10:54 GMT","server":"ESF","cache-control":"private","x-xss-protection":"0","x-frame-options":"SAMEORIGIN","x-content-type-options":"nosniff","alt-svc":"h3-29=\":443\"; ma=2592000,h3-27=\":443\"; ma=2592000,h3-T051=\":443\"; ma=2592000,h3-T050=\":443\"; ma=2592000,h3-Q050=\":443\"; ma=2592000,h3-Q046=\":443\"; ma=2592000,h3-Q043=\":443\"; ma=2592000,quic=\":443\"; ma=2592000; v=\"46,43\"","accept-ranges":"none","transfer-encoding":"chunked"}
[debug] [2020-09-12T23:12:19.428Z] <<< HTTP RESPONSE BODY {"error":{"code":403,"message":"Project '{resource_id}' not found or permission denied.","status":"PERMISSION_DENIED"}}
[debug] [2020-09-12T23:12:19.433Z] fetchWebSetup error: FirebaseError: HTTP Error: 403, Project '{resource_id}' not found or permission denied.
[warn] !  hosting: Authentication error when trying to fetch your current web app configuration, have you run firebase login? 
[warn] !  hosting: Using web app configuration from cache. 
[info] i  hosting: Serving hosting files from: build {"metadata":{"emulator":{"name":"hosting"},"message":"Serving hosting files from: \u001b[1mbuild\u001b[22m"}}
[info] +  hosting: Local server: http://localhost:5000 {"metadata":{"emulator":{"name":"hosting"},"message":"Local server: \u001b[4m\u001b[1mhttp://localhost:5000\u001b[22m\u001b[24m"}}
[debug] [2020-09-12T23:12:23.831Z] Ignoring unsupported arg: auto_download {"metadata":{"emulator":{"name":"ui"},"message":"Ignoring unsupported arg: auto_download"}}
[debug] [2020-09-12T23:12:23.832Z] Ignoring unsupported arg: port {"metadata":{"emulator":{"name":"ui"},"message":"Ignoring unsupported arg: port"}}
[debug] [2020-09-12T23:12:23.832Z] Starting Emulator UI with command {"binary":"node","args":["C:\\Users\\ANC\\.cache\\firebase\\emulators\\ui-v1.1.1\\server.bundle.js"],"optionalArgs":[],"joinArgs":false} {"metadata":{"emulator":{"name":"ui"},"message":"Starting Emulator UI with command {\"binary\":\"node\",\"args\":[\"C:\\\\Users\\\\ANC\\\\.cache\\\\firebase\\\\emulators\\\\ui-v1.1.1\\\\server.bundle.js\"],\"optionalArgs\":[],\"joinArgs\":false}"}}
[info] i  ui: Emulator UI logging to ui-debug.log {"metadata":{"emulator":{"name":"ui"},"message":"Emulator UI logging to \u001b[1mui-debug.log\u001b[22m"}}
[debug] [2020-09-12T23:12:24.212Z] Web / API server started at http://localhost:4000
 {"metadata":{"emulator":{"name":"ui"},"message":"Web / API server started at http://localhost:4000\n"}}
[info] i  functions: Watching "F:\Amazon\amazon\amazon-clone\functions" for Cloud Functions... {"metadata":{"emulator":{"name":"functions"},"message":"Watching \"F:\\Amazon\\amazon\\amazon-clone\\functions\" for Cloud Functions..."}}
[debug] [2020-09-12T23:12:24.441Z] [worker-pool] addWorker(~diagnostic~) {"metadata":{"emulator":{"name":"functions"},"message":"[worker-pool] addWorker(~diagnostic~)"}}
[debug] [2020-09-12T23:12:24.443Z] [worker-pool] Adding worker with key ~diagnostic~, total=1 {"metadata":{"emulator":{"name":"functions"},"message":"[worker-pool] Adding worker with key ~diagnostic~, total=1"}}
[debug] [2020-09-12T23:12:24.444Z] [worker-pool] submitWork(triggerId=) {"metadata":{"emulator":{"name":"functions"},"message":"[worker-pool] submitWork(triggerId=)"}}
[debug] [2020-09-12T23:12:24.446Z] [worker-~diagnostic~-93e4fe48-b244-4aa0-9b74-588d911d1671]: Assigning socketPath: \\?\pipe\F:\Amazon\amazon\amazon-clone\functions\22196 {"metadata":{"emulator":{"name":"functions"},"message":"[worker-~diagnostic~-93e4fe48-b244-4aa0-9b74-588d911d1671]: Assigning socketPath: \\\\?\\pipe\\F:\\Amazon\\amazon\\amazon-clone\\functions\\22196"}}
[debug] [2020-09-12T23:12:24.447Z] [worker-~diagnostic~-93e4fe48-b244-4aa0-9b74-588d911d1671]: BUSY {"metadata":{"emulator":{"name":"functions"},"message":"[worker-~diagnostic~-93e4fe48-b244-4aa0-9b74-588d911d1671]: BUSY"}}
[debug] [2020-09-12T23:12:25.380Z] [runtime-status] [22196] Functions runtime initialized. {"cwd":"F:\\Amazon\\amazon\\amazon-clone\\functions","node_version":"12.18.3"} {"metadata":{"emulator":{"name":"functions"},"message":"[runtime-status] [22196] Functions runtime initialized. {\"cwd\":\"F:\\\\Amazon\\\\amazon\\\\amazon-clone\\\\functions\",\"node_version\":\"12.18.3\"}"}}
[debug] [2020-09-12T23:12:25.382Z] [runtime-status] [22196] Disabled runtime features: undefined {"metadata":{"emulator":{"name":"functions"},"message":"[runtime-status] [22196] Disabled runtime features: undefined"}}
[debug] [2020-09-12T23:12:25.390Z] [runtime-status] [22196] Resolved module firebase-admin {"declared":true,"installed":true,"version":"8.13.0","resolution":"F:\\Amazon\\amazon\\amazon-clone\\functions\\node_modules\\firebase-admin\\lib\\index.js"} {"metadata":{"emulator":{"name":"functions"},"message":"[runtime-status] [22196] Resolved module firebase-admin {\"declared\":true,\"installed\":true,\"version\":\"8.13.0\",\"resolution\":\"F:\\\\Amazon\\\\amazon\\\\amazon-clone\\\\functions\\\\node_modules\\\\firebase-admin\\\\lib\\\\index.js\"}"}}
[debug] [2020-09-12T23:12:25.392Z] [runtime-status] [22196] Resolved module firebase-functions {"declared":true,"installed":true,"version":"3.11.0","resolution":"F:\\Amazon\\amazon\\amazon-clone\\functions\\node_modules\\firebase-functions\\lib\\index.js"} {"metadata":{"emulator":{"name":"functions"},"message":"[runtime-status] [22196] Resolved module firebase-functions {\"declared\":true,\"installed\":true,\"version\":\"3.11.0\",\"resolution\":\"F:\\\\Amazon\\\\amazon\\\\amazon-clone\\\\functions\\\\node_modules\\\\firebase-functions\\\\lib\\\\index.js\"}"}}
[debug] [2020-09-12T23:12:25.393Z] [runtime-status] [22196] Resolved module firebase-functions {"declared":true,"installed":true,"version":"3.11.0","resolution":"F:\\Amazon\\amazon\\amazon-clone\\functions\\node_modules\\firebase-functions\\lib\\index.js"} {"metadata":{"emulator":{"name":"functions"},"message":"[runtime-status] [22196] Resolved module firebase-functions {\"declared\":true,\"installed\":true,\"version\":\"3.11.0\",\"resolution\":\"F:\\\\Amazon\\\\amazon\\\\amazon-clone\\\\functions\\\\node_modules\\\\firebase-functions\\\\lib\\\\index.js\"}"}}
[debug] [2020-09-12T23:12:25.395Z] [runtime-status] [22196] Outgoing network have been stubbed. [{"name":"http","status":"mocked"},{"name":"http","status":"mocked"},{"name":"https","status":"mocked"},{"name":"https","status":"mocked"},{"name":"net","status":"mocked"}] {"metadata":{"emulator":{"name":"functions"},"message":"[runtime-status] [22196] Outgoing network have been stubbed. [{\"name\":\"http\",\"status\":\"mocked\"},{\"name\":\"http\",\"status\":\"mocked\"},{\"name\":\"https\",\"status\":\"mocked\"},{\"name\":\"https\",\"status\":\"mocked\"},{\"name\":\"net\",\"status\":\"mocked\"}]"}}
[debug] [2020-09-12T23:12:25.396Z] [runtime-status] [22196] Resolved module firebase-functions {"declared":true,"installed":true,"version":"3.11.0","resolution":"F:\\Amazon\\amazon\\amazon-clone\\functions\\node_modules\\firebase-functions\\lib\\index.js"} {"metadata":{"emulator":{"name":"functions"},"message":"[runtime-status] [22196] Resolved module firebase-functions {\"declared\":true,\"installed\":true,\"version\":\"3.11.0\",\"resolution\":\"F:\\\\Amazon\\\\amazon\\\\amazon-clone\\\\functions\\\\node_modules\\\\firebase-functions\\\\lib\\\\index.js\"}"}}
[debug] [2020-09-12T23:12:25.450Z] [runtime-status] [22196] Checked functions.config() {"config":{}} {"metadata":{"emulator":{"name":"functions"},"message":"[runtime-status] [22196] Checked functions.config() {\"config\":{}}"}}
[debug] [2020-09-12T23:12:25.450Z] [runtime-status] [22196] firebase-functions has been stubbed. {"functionsResolution":{"declared":true,"installed":true,"version":"3.11.0","resolution":"F:\\Amazon\\amazon\\amazon-clone\\functions\\node_modules\\firebase-functions\\lib\\index.js"}} {"metadata":{"emulator":{"name":"functions"},"message":"[runtime-status] [22196] firebase-functions has been stubbed. {\"functionsResolution\":{\"declared\":true,\"installed\":true,\"version\":\"3.11.0\",\"resolution\":\"F:\\\\Amazon\\\\amazon\\\\amazon-clone\\\\functions\\\\node_modules\\\\firebase-functions\\\\lib\\\\index.js\"}}"}}
[debug] [2020-09-12T23:12:25.451Z] [runtime-status] [22196] Resolved module firebase-functions {"declared":true,"installed":true,"version":"3.11.0","resolution":"F:\\Amazon\\amazon\\amazon-clone\\functions\\node_modules\\firebase-functions\\lib\\index.js"} {"metadata":{"emulator":{"name":"functions"},"message":"[runtime-status] [22196] Resolved module firebase-functions {\"declared\":true,\"installed\":true,\"version\":\"3.11.0\",\"resolution\":\"F:\\\\Amazon\\\\amazon\\\\amazon-clone\\\\functions\\\\node_modules\\\\firebase-functions\\\\lib\\\\index.js\"}"}}
[debug] [2020-09-12T23:12:25.452Z] [runtime-status] [22196] Resolved module firebase-admin {"declared":true,"installed":true,"version":"8.13.0","resolution":"F:\\Amazon\\amazon\\amazon-clone\\functions\\node_modules\\firebase-admin\\lib\\index.js"} {"metadata":{"emulator":{"name":"functions"},"message":"[runtime-status] [22196] Resolved module firebase-admin {\"declared\":true,\"installed\":true,\"version\":\"8.13.0\",\"resolution\":\"F:\\\\Amazon\\\\amazon\\\\amazon-clone\\\\functions\\\\node_modules\\\\firebase-admin\\\\lib\\\\index.js\"}"}}
[debug] [2020-09-12T23:12:25.453Z] [runtime-status] [22196] Resolved module firebase-functions {"declared":true,"installed":true,"version":"3.11.0","resolution":"F:\\Amazon\\amazon\\amazon-clone\\functions\\node_modules\\firebase-functions\\lib\\index.js"} {"metadata":{"emulator":{"name":"functions"},"message":"[runtime-status] [22196] Resolved module firebase-functions {\"declared\":true,\"installed\":true,\"version\":\"3.11.0\",\"resolution\":\"F:\\\\Amazon\\\\amazon\\\\amazon-clone\\\\functions\\\\node_modules\\\\firebase-functions\\\\lib\\\\index.js\"}"}}
[debug] [2020-09-12T23:12:25.453Z] [runtime-status] [22196] firebase-admin has been stubbed. {"adminResolution":{"declared":true,"installed":true,"version":"8.13.0","resolution":"F:\\Amazon\\amazon\\amazon-clone\\functions\\node_modules\\firebase-admin\\lib\\index.js"}} {"metadata":{"emulator":{"name":"functions"},"message":"[runtime-status] [22196] firebase-admin has been stubbed. {\"adminResolution\":{\"declared\":true,\"installed\":true,\"version\":\"8.13.0\",\"resolution\":\"F:\\\\Amazon\\\\amazon\\\\amazon-clone\\\\functions\\\\node_modules\\\\firebase-admin\\\\lib\\\\index.js\"}}"}}
[info] +  functions[api]: http function initialized (http://localhost:5001/challenge-aba31/us-central1/api). {"metadata":{"emulator":{"name":"functions"},"message":"\u001b[1mhttp\u001b[22m function initialized (http://localhost:5001/challenge-aba31/us-central1/api)."}}
[info] 
┌───────────────────────────────────────────────────────────────────────┐
│ ✔  All emulators ready! View status and logs at http://localhost:4000 │
└───────────────────────────────────────────────────────────────────────┘

┌───────────┬────────────────┬─────────────────────────────────┐
│ Emulator  │ Host:Port      │ View in Emulator UI             │
├───────────┼────────────────┼─────────────────────────────────┤
│ Functions │ localhost:5001 │ http://localhost:4000/functions │
├───────────┼────────────────┼─────────────────────────────────┤
│ Hosting   │ localhost:5000 │ n/a                             │
└───────────┴────────────────┴─────────────────────────────────┘
  Other reserved ports: 4400, 4500

Issues? Report them at https://github.com/firebase/firebase-tools/issues and attach the *-debug.log files.
 
[debug] [2020-09-12T23:12:25.702Z] [worker-~diagnostic~-93e4fe48-b244-4aa0-9b74-588d911d1671]: IDLE {"metadata":{"emulator":{"name":"functions"},"message":"[worker-~diagnostic~-93e4fe48-b244-4aa0-9b74-588d911d1671]: IDLE"}}
[debug] [2020-09-12T23:12:49.174Z] [work-queue] {"queueLength":1,"workRunningCount":0}
[debug] [2020-09-12T23:12:49.175Z] [work-queue] {"queueLength":0,"workRunningCount":1}
[debug] [2020-09-12T23:12:49.176Z] Accepted request POST /challenge-aba31/us-central1/api/payments/create?total=0 --> api
[debug] [2020-09-12T23:12:49.195Z] [worker-pool] addWorker(api) {"metadata":{"emulator":{"name":"functions"},"message":"[worker-pool] addWorker(api)"}}
[debug] [2020-09-12T23:12:49.196Z] [worker-pool] Adding worker with key api, total=1 {"metadata":{"emulator":{"name":"functions"},"message":"[worker-pool] Adding worker with key api, total=1"}}
[debug] [2020-09-12T23:12:49.197Z] [worker-pool] submitWork(triggerId=api) {"metadata":{"emulator":{"name":"functions"},"message":"[worker-pool] submitWork(triggerId=api)"}}
[debug] [2020-09-12T23:12:49.198Z] [worker-api-619c3647-c0ab-4372-a9fb-54cfa2569b22]: Assigning socketPath: \\?\pipe\F:\Amazon\amazon\amazon-clone\functions\12908 {"metadata":{"emulator":{"name":"functions"},"message":"[worker-api-619c3647-c0ab-4372-a9fb-54cfa2569b22]: Assigning socketPath: \\\\?\\pipe\\F:\\Amazon\\amazon\\amazon-clone\\functions\\12908"}}
[debug] [2020-09-12T23:12:49.198Z] [worker-api-619c3647-c0ab-4372-a9fb-54cfa2569b22]: BUSY {"metadata":{"emulator":{"name":"functions"},"message":"[worker-api-619c3647-c0ab-4372-a9fb-54cfa2569b22]: BUSY"}}
[debug] [2020-09-12T23:12:52.612Z] [runtime-status] [12908] Functions runtime initialized. {"cwd":"F:\\Amazon\\amazon\\amazon-clone\\functions","node_version":"12.18.3"} {"metadata":{"emulator":{"name":"functions"},"function":{"name":"api"},"message":"[runtime-status] [12908] Functions runtime initialized. {\"cwd\":\"F:\\\\Amazon\\\\amazon\\\\amazon-clone\\\\functions\",\"node_version\":\"12.18.3\"}"}}
[debug] [2020-09-12T23:12:52.629Z] [runtime-status] [12908] Disabled runtime features: undefined {"metadata":{"emulator":{"name":"functions"},"function":{"name":"api"},"message":"[runtime-status] [12908] Disabled runtime features: undefined"}}
[debug] [2020-09-12T23:12:52.638Z] [runtime-status] [12908] Resolved module firebase-admin {"declared":true,"installed":true,"version":"8.13.0","resolution":"F:\\Amazon\\amazon\\amazon-clone\\functions\\node_modules\\firebase-admin\\lib\\index.js"} {"metadata":{"emulator":{"name":"functions"},"function":{"name":"api"},"message":"[runtime-status] [12908] Resolved module firebase-admin {\"declared\":true,\"installed\":true,\"version\":\"8.13.0\",\"resolution\":\"F:\\\\Amazon\\\\amazon\\\\amazon-clone\\\\functions\\\\node_modules\\\\firebase-admin\\\\lib\\\\index.js\"}"}}
[debug] [2020-09-12T23:12:52.649Z] [runtime-status] [12908] Resolved module firebase-functions {"declared":true,"installed":true,"version":"3.11.0","resolution":"F:\\Amazon\\amazon\\amazon-clone\\functions\\node_modules\\firebase-functions\\lib\\index.js"} {"metadata":{"emulator":{"name":"functions"},"function":{"name":"api"},"message":"[runtime-status] [12908] Resolved module firebase-functions {\"declared\":true,\"installed\":true,\"version\":\"3.11.0\",\"resolution\":\"F:\\\\Amazon\\\\amazon\\\\amazon-clone\\\\functions\\\\node_modules\\\\firebase-functions\\\\lib\\\\index.js\"}"}}
[debug] [2020-09-12T23:12:52.653Z] [runtime-status] [12908] Resolved module firebase-functions {"declared":true,"installed":true,"version":"3.11.0","resolution":"F:\\Amazon\\amazon\\amazon-clone\\functions\\node_modules\\firebase-functions\\lib\\index.js"} {"metadata":{"emulator":{"name":"functions"},"function":{"name":"api"},"message":"[runtime-status] [12908] Resolved module firebase-functions {\"declared\":true,\"installed\":true,\"version\":\"3.11.0\",\"resolution\":\"F:\\\\Amazon\\\\amazon\\\\amazon-clone\\\\functions\\\\node_modules\\\\firebase-functions\\\\lib\\\\index.js\"}"}}
[debug] [2020-09-12T23:12:52.657Z] [runtime-status] [12908] Outgoing network have been stubbed. [{"name":"http","status":"mocked"},{"name":"http","status":"mocked"},{"name":"https","status":"mocked"},{"name":"https","status":"mocked"},{"name":"net","status":"mocked"}] {"metadata":{"emulator":{"name":"functions"},"function":{"name":"api"},"message":"[runtime-status] [12908] Outgoing network have been stubbed. [{\"name\":\"http\",\"status\":\"mocked\"},{\"name\":\"http\",\"status\":\"mocked\"},{\"name\":\"https\",\"status\":\"mocked\"},{\"name\":\"https\",\"status\":\"mocked\"},{\"name\":\"net\",\"status\":\"mocked\"}]"}}
[debug] [2020-09-12T23:12:52.659Z] [runtime-status] [12908] Resolved module firebase-functions {"declared":true,"installed":true,"version":"3.11.0","resolution":"F:\\Amazon\\amazon\\amazon-clone\\functions\\node_modules\\firebase-functions\\lib\\index.js"} {"metadata":{"emulator":{"name":"functions"},"function":{"name":"api"},"message":"[runtime-status] [12908] Resolved module firebase-functions {\"declared\":true,\"installed\":true,\"version\":\"3.11.0\",\"resolution\":\"F:\\\\Amazon\\\\amazon\\\\amazon-clone\\\\functions\\\\node_modules\\\\firebase-functions\\\\lib\\\\index.js\"}"}}
[debug] [2020-09-12T23:12:52.772Z] [runtime-status] [12908] Checked functions.config() {"config":{}} {"metadata":{"emulator":{"name":"functions"},"function":{"name":"api"},"message":"[runtime-status] [12908] Checked functions.config() {\"config\":{}}"}}
[debug] [2020-09-12T23:12:52.772Z] [runtime-status] [12908] firebase-functions has been stubbed. {"functionsResolution":{"declared":true,"installed":true,"version":"3.11.0","resolution":"F:\\Amazon\\amazon\\amazon-clone\\functions\\node_modules\\firebase-functions\\lib\\index.js"}} {"metadata":{"emulator":{"name":"functions"},"function":{"name":"api"},"message":"[runtime-status] [12908] firebase-functions has been stubbed. {\"functionsResolution\":{\"declared\":true,\"installed\":true,\"version\":\"3.11.0\",\"resolution\":\"F:\\\\Amazon\\\\amazon\\\\amazon-clone\\\\functions\\\\node_modules\\\\firebase-functions\\\\lib\\\\index.js\"}}"}}
[debug] [2020-09-12T23:12:52.773Z] [runtime-status] [12908] Resolved module firebase-functions {"declared":true,"installed":true,"version":"3.11.0","resolution":"F:\\Amazon\\amazon\\amazon-clone\\functions\\node_modules\\firebase-functions\\lib\\index.js"} {"metadata":{"emulator":{"name":"functions"},"function":{"name":"api"},"message":"[runtime-status] [12908] Resolved module firebase-functions {\"declared\":true,\"installed\":true,\"version\":\"3.11.0\",\"resolution\":\"F:\\\\Amazon\\\\amazon\\\\amazon-clone\\\\functions\\\\node_modules\\\\firebase-functions\\\\lib\\\\index.js\"}"}}
[debug] [2020-09-12T23:12:52.777Z] [runtime-status] [12908] Resolved module firebase-admin {"declared":true,"installed":true,"version":"8.13.0","resolution":"F:\\Amazon\\amazon\\amazon-clone\\functions\\node_modules\\firebase-admin\\lib\\index.js"} {"metadata":{"emulator":{"name":"functions"},"function":{"name":"api"},"message":"[runtime-status] [12908] Resolved module firebase-admin {\"declared\":true,\"installed\":true,\"version\":\"8.13.0\",\"resolution\":\"F:\\\\Amazon\\\\amazon\\\\amazon-clone\\\\functions\\\\node_modules\\\\firebase-admin\\\\lib\\\\index.js\"}"}}
[debug] [2020-09-12T23:12:52.778Z] [runtime-status] [12908] Resolved module firebase-functions {"declared":true,"installed":true,"version":"3.11.0","resolution":"F:\\Amazon\\amazon\\amazon-clone\\functions\\node_modules\\firebase-functions\\lib\\index.js"} {"metadata":{"emulator":{"name":"functions"},"function":{"name":"api"},"message":"[runtime-status] [12908] Resolved module firebase-functions {\"declared\":true,\"installed\":true,\"version\":\"3.11.0\",\"resolution\":\"F:\\\\Amazon\\\\amazon\\\\amazon-clone\\\\functions\\\\node_modules\\\\firebase-functions\\\\lib\\\\index.js\"}"}}
[debug] [2020-09-12T23:12:52.779Z] [runtime-status] [12908] firebase-admin has been stubbed. {"adminResolution":{"declared":true,"installed":true,"version":"8.13.0","resolution":"F:\\Amazon\\amazon\\amazon-clone\\functions\\node_modules\\firebase-admin\\lib\\index.js"}} {"metadata":{"emulator":{"name":"functions"},"function":{"name":"api"},"message":"[runtime-status] [12908] firebase-admin has been stubbed. {\"adminResolution\":{\"declared\":true,\"installed\":true,\"version\":\"8.13.0\",\"resolution\":\"F:\\\\Amazon\\\\amazon\\\\amazon-clone\\\\functions\\\\node_modules\\\\firebase-admin\\\\lib\\\\index.js\"}}"}}
[debug] [2020-09-12T23:12:53.163Z] [runtime-status] [12908] Trigger "api" has been found, beginning invocation! {"metadata":{"emulator":{"name":"functions"},"function":{"name":"api"},"message":"[runtime-status] [12908] Trigger \"api\" has been found, beginning invocation!"}}
[info] i  functions: Beginning execution of "api" {"metadata":{"emulator":{"name":"functions"},"function":{"name":"api"},"message":"Beginning execution of \"api\""}}
[debug] [2020-09-12T23:12:53.165Z] [runtime-status] [12908] triggerDefinition {"httpsTrigger":{},"name":"api","entryPoint":"api"} {"metadata":{"emulator":{"name":"functions"},"function":{"name":"api"},"message":"[runtime-status] [12908] triggerDefinition {\"httpsTrigger\":{},\"name\":\"api\",\"entryPoint\":\"api\"}"}}
[debug] [2020-09-12T23:12:53.166Z] [runtime-status] [12908] Running api in mode HTTPS {"metadata":{"emulator":{"name":"functions"},"function":{"name":"api"},"message":"[runtime-status] [12908] Running api in mode HTTPS"}}
[debug] [2020-09-12T23:12:53.172Z] [runtime-status] [12908] Attempting to listen to socketPath: \\?\pipe\F:\Amazon\amazon\amazon-clone\functions\12908 {"metadata":{"emulator":{"name":"functions"},"function":{"name":"api"},"message":"[runtime-status] [12908] Attempting to listen to socketPath: \\\\?\\pipe\\F:\\Amazon\\amazon\\amazon-clone\\functions\\12908"}}
[debug] [2020-09-12T23:12:53.175Z] [functions] Runtime ready! Sending request! {"metadata":{"emulator":{"name":"functions"},"message":"[functions] Runtime ready! Sending request!"}}
[debug] [2020-09-12T23:12:53.192Z] [runtime-status] [12908] Ephemeral server handling POST request {"metadata":{"emulator":{"name":"functions"},"function":{"name":"api"},"message":"[runtime-status] [12908] Ephemeral server handling POST request"}}
[info] >  Payment Request Recieved BOOM!!! for this amount >>>  0 {"user":"Payment Request Recieved BOOM!!! for this amount >>>  0","metadata":{"emulator":{"name":"functions"},"function":{"name":"api"},"message":"\u001b[90m> \u001b[39m Payment Request Recieved BOOM!!! for this amount >>>  0"}}
[debug] [2020-09-12T23:12:53.216Z] [runtime-status] [12908] Ephemeral server survived. {"metadata":{"emulator":{"name":"functions"},"function":{"name":"api"},"message":"[runtime-status] [12908] Ephemeral server survived."}}
[info] >  (node:12908) UnhandledPromiseRejectionWarning: Error: This value must be greater than or equal to 1. {"user":"(node:12908) UnhandledPromiseRejectionWarning: Error: This value must be greater than or equal to 1.","metadata":{"emulator":{"name":"functions"},"function":{"name":"api"},"message":"\u001b[90m> \u001b[39m (node:12908) UnhandledPromiseRejectionWarning: Error: This value must be greater than or equal to 1."}}
[info] >      at Function.generate (F:\Amazon\amazon\amazon-clone\functions\node_modules\stripe\lib\Error.js:39:16) {"user":"    at Function.generate (F:\\Amazon\\amazon\\amazon-clone\\functions\\node_modules\\stripe\\lib\\Error.js:39:16)","metadata":{"emulator":{"name":"functions"},"function":{"name":"api"},"message":"\u001b[90m> \u001b[39m     at Function.generate (F:\\Amazon\\amazon\\amazon-clone\\functions\\node_modules\\stripe\\lib\\Error.js:39:16)"}}
[info] >      at IncomingMessage.<anonymous> (F:\Amazon\amazon\amazon-clone\functions\node_modules\stripe\lib\StripeResource.js:190:33) {"user":"    at IncomingMessage.<anonymous> (F:\\Amazon\\amazon\\amazon-clone\\functions\\node_modules\\stripe\\lib\\StripeResource.js:190:33)","metadata":{"emulator":{"name":"functions"},"function":{"name":"api"},"message":"\u001b[90m> \u001b[39m     at IncomingMessage.<anonymous> (F:\\Amazon\\amazon\\amazon-clone\\functions\\node_modules\\stripe\\lib\\StripeResource.js:190:33)"}}
[info] >      at Object.onceWrapper (events.js:421:28) {"user":"    at Object.onceWrapper (events.js:421:28)","metadata":{"emulator":{"name":"functions"},"function":{"name":"api"},"message":"\u001b[90m> \u001b[39m     at Object.onceWrapper (events.js:421:28)"}}
[info] >      at IncomingMessage.emit (events.js:327:22) {"user":"    at IncomingMessage.emit (events.js:327:22)","metadata":{"emulator":{"name":"functions"},"function":{"name":"api"},"message":"\u001b[90m> \u001b[39m     at IncomingMessage.emit (events.js:327:22)"}}
[info] >      at endReadableNT (_stream_readable.js:1220:12) {"user":"    at endReadableNT (_stream_readable.js:1220:12)","metadata":{"emulator":{"name":"functions"},"function":{"name":"api"},"message":"\u001b[90m> \u001b[39m     at endReadableNT (_stream_readable.js:1220:12)"}}
[info] >      at processTicksAndRejections (internal/process/task_queues.js:84:21) {"user":"    at processTicksAndRejections (internal/process/task_queues.js:84:21)","metadata":{"emulator":{"name":"functions"},"function":{"name":"api"},"message":"\u001b[90m> \u001b[39m     at processTicksAndRejections (internal/process/task_queues.js:84:21)"}}
[info] >  (node:12908) UnhandledPromiseRejectionWarning: Unhandled promise rejection. This error originated either by throwing inside of an async function without a catch block, or by rejecting a promise which was not handled with .catch(). To terminate the node process on unhandled promise rejection, use the CLI flag `--unhandled-rejections=strict` (see https://nodejs.org/api/cli.html#cli_unhandled_rejections_mode). (rejection id: 1) {"user":"(node:12908) UnhandledPromiseRejectionWarning: Unhandled promise rejection. This error originated either by throwing inside of an async function without a catch block, or by rejecting a promise which was not handled with .catch(). To terminate the node process on unhandled promise rejection, use the CLI flag `--unhandled-rejections=strict` (see https://nodejs.org/api/cli.html#cli_unhandled_rejections_mode). (rejection id: 1)","metadata":{"emulator":{"name":"functions"},"function":{"name":"api"},"message":"\u001b[90m> \u001b[39m (node:12908) UnhandledPromiseRejectionWarning: Unhandled promise rejection. This error originated either by throwing inside of an async function without a catch block, or by rejecting a promise which was not handled with .catch(). To terminate the node process on unhandled promise rejection, use the CLI flag `--unhandled-rejections=strict` (see https://nodejs.org/api/cli.html#cli_unhandled_rejections_mode). (rejection id: 1)"}}
[info] >  (node:12908) [DEP0018] DeprecationWarning: Unhandled promise rejections are deprecated. In the future, promise rejections that are not handled will terminate the Node.js process with a non-zero exit code. {"user":"(node:12908) [DEP0018] DeprecationWarning: Unhandled promise rejections are deprecated. In the future, promise rejections that are not handled will terminate the Node.js process with a non-zero exit code.","metadata":{"emulator":{"name":"functions"},"function":{"name":"api"},"message":"\u001b[90m> \u001b[39m (node:12908) [DEP0018] DeprecationWarning: Unhandled promise rejections are deprecated. In the future, promise rejections that are not handled will terminate the Node.js process with a non-zero exit code."}}
[warn] !  functions: Your function timed out after ~60s. To configure this timeout, see
      https://firebase.google.com/docs/functions/manage-functions#set_timeout_and_memory_allocation. {"metadata":{"emulator":{"name":"functions"},"function":{"name":"api"},"message":"Your function timed out after ~60s. To configure this timeout, see\n      https://firebase.google.com/docs/functions/manage-functions#set_timeout_and_memory_allocation."}}
[info] >  C:\Users\ANC\AppData\Roaming\npm\node_modules\firebase-tools\lib\emulator\functionsEmulatorRuntime.js:642 {"user":"C:\\Users\\ANC\\AppData\\Roaming\\npm\\node_modules\\firebase-tools\\lib\\emulator\\functionsEmulatorRuntime.js:642\r","metadata":{"emulator":{"name":"functions"},"function":{"name":"api"},"message":"\u001b[90m> \u001b[39m C:\\Users\\ANC\\AppData\\Roaming\\npm\\node_modules\\firebase-tools\\lib\\emulator\\functionsEmulatorRuntime.js:642\r"}}
[info] >                  throw new Error("Function timed out."); {"user":"                throw new Error(\"Function timed out.\");\r","metadata":{"emulator":{"name":"functions"},"function":{"name":"api"},"message":"\u001b[90m> \u001b[39m                 throw new Error(\"Function timed out.\");\r"}}
[info] >                  ^ {"user":"                ^\r","metadata":{"emulator":{"name":"functions"},"function":{"name":"api"},"message":"\u001b[90m> \u001b[39m                 ^\r"}}
[info] >   {"user":"\r","metadata":{"emulator":{"name":"functions"},"function":{"name":"api"},"message":"\u001b[90m> \u001b[39m \r"}}
[info] >  Error: Function timed out. {"user":"Error: Function timed out.\r","metadata":{"emulator":{"name":"functions"},"function":{"name":"api"},"message":"\u001b[90m> \u001b[39m Error: Function timed out.\r"}}
[info] >      at Timeout._onTimeout (C:\Users\ANC\AppData\Roaming\npm\node_modules\firebase-tools\lib\emulator\functionsEmulatorRuntime.js:642:23) {"user":"    at Timeout._onTimeout (C:\\Users\\ANC\\AppData\\Roaming\\npm\\node_modules\\firebase-tools\\lib\\emulator\\functionsEmulatorRuntime.js:642:23)\r","metadata":{"emulator":{"name":"functions"},"function":{"name":"api"},"message":"\u001b[90m> \u001b[39m     at Timeout._onTimeout (C:\\Users\\ANC\\AppData\\Roaming\\npm\\node_modules\\firebase-tools\\lib\\emulator\\functionsEmulatorRuntime.js:642:23)\r"}}
[info] >      at listOnTimeout (internal/timers.js:549:17) {"user":"    at listOnTimeout (internal/timers.js:549:17)\r","metadata":{"emulator":{"name":"functions"},"function":{"name":"api"},"message":"\u001b[90m> \u001b[39m     at listOnTimeout (internal/timers.js:549:17)\r"}}
[info] >      at processTimers (internal/timers.js:492:7) {"user":"    at processTimers (internal/timers.js:492:7)\r","metadata":{"emulator":{"name":"functions"},"function":{"name":"api"},"message":"\u001b[90m> \u001b[39m     at processTimers (internal/timers.js:492:7)\r"}}
[debug] [2020-09-12T23:13:53.226Z] [worker-api-619c3647-c0ab-4372-a9fb-54cfa2569b22]: exited {"metadata":{"emulator":{"name":"functions"},"message":"[worker-api-619c3647-c0ab-4372-a9fb-54cfa2569b22]: exited"}}
[debug] [2020-09-12T23:13:53.226Z] [worker-api-619c3647-c0ab-4372-a9fb-54cfa2569b22]: FINISHED {"metadata":{"emulator":{"name":"functions"},"message":"[worker-api-619c3647-c0ab-4372-a9fb-54cfa2569b22]: FINISHED"}}
[debug] [2020-09-12T23:13:53.227Z] [work-queue] {"queueLength":0,"workRunningCount":0}
[debug] [2020-09-12T23:32:03.135Z] [work-queue] {"queueLength":1,"workRunningCount":0}
[debug] [2020-09-12T23:32:03.136Z] [work-queue] {"queueLength":0,"workRunningCount":1}
[debug] [2020-09-12T23:32:03.136Z] Accepted request POST /challenge-aba31/us-central1/api/payments/create?total=10999 --> api
[debug] [2020-09-12T23:32:03.137Z] [worker-pool] Cleaned up workers for api: 1 --> 0 {"metadata":{"emulator":{"name":"functions"},"message":"[worker-pool] Cleaned up workers for api: 1 --> 0"}}
[debug] [2020-09-12T23:32:03.148Z] [worker-pool] addWorker(api) {"metadata":{"emulator":{"name":"functions"},"message":"[worker-pool] addWorker(api)"}}
[debug] [2020-09-12T23:32:03.149Z] [worker-pool] Adding worker with key api, total=1 {"metadata":{"emulator":{"name":"functions"},"message":"[worker-pool] Adding worker with key api, total=1"}}
[debug] [2020-09-12T23:32:03.149Z] [worker-pool] submitWork(triggerId=api) {"metadata":{"emulator":{"name":"functions"},"message":"[worker-pool] submitWork(triggerId=api)"}}
[debug] [2020-09-12T23:32:03.150Z] [worker-api-b60aaefd-deac-4c41-9de2-e942743a53b6]: Assigning socketPath: \\?\pipe\F:\Amazon\amazon\amazon-clone\functions\22808 {"metadata":{"emulator":{"name":"functions"},"message":"[worker-api-b60aaefd-deac-4c41-9de2-e942743a53b6]: Assigning socketPath: \\\\?\\pipe\\F:\\Amazon\\amazon\\amazon-clone\\functions\\22808"}}
[debug] [2020-09-12T23:32:03.150Z] [worker-api-b60aaefd-deac-4c41-9de2-e942743a53b6]: BUSY {"metadata":{"emulator":{"name":"functions"},"message":"[worker-api-b60aaefd-deac-4c41-9de2-e942743a53b6]: BUSY"}}
[debug] [2020-09-12T23:32:04.270Z] [runtime-status] [22808] Functions runtime initialized. {"cwd":"F:\\Amazon\\amazon\\amazon-clone\\functions","node_version":"12.18.3"} {"metadata":{"emulator":{"name":"functions"},"function":{"name":"api"},"message":"[runtime-status] [22808] Functions runtime initialized. {\"cwd\":\"F:\\\\Amazon\\\\amazon\\\\amazon-clone\\\\functions\",\"node_version\":\"12.18.3\"}"}}
[debug] [2020-09-12T23:32:04.275Z] [runtime-status] [22808] Disabled runtime features: undefined {"metadata":{"emulator":{"name":"functions"},"function":{"name":"api"},"message":"[runtime-status] [22808] Disabled runtime features: undefined"}}
[debug] [2020-09-12T23:32:04.283Z] [runtime-status] [22808] Resolved module firebase-admin {"declared":true,"installed":true,"version":"8.13.0","resolution":"F:\\Amazon\\amazon\\amazon-clone\\functions\\node_modules\\firebase-admin\\lib\\index.js"} {"metadata":{"emulator":{"name":"functions"},"function":{"name":"api"},"message":"[runtime-status] [22808] Resolved module firebase-admin {\"declared\":true,\"installed\":true,\"version\":\"8.13.0\",\"resolution\":\"F:\\\\Amazon\\\\amazon\\\\amazon-clone\\\\functions\\\\node_modules\\\\firebase-admin\\\\lib\\\\index.js\"}"}}
[debug] [2020-09-12T23:32:04.285Z] [runtime-status] [22808] Resolved module firebase-functions {"declared":true,"installed":true,"version":"3.11.0","resolution":"F:\\Amazon\\amazon\\amazon-clone\\functions\\node_modules\\firebase-functions\\lib\\index.js"} {"metadata":{"emulator":{"name":"functions"},"function":{"name":"api"},"message":"[runtime-status] [22808] Resolved module firebase-functions {\"declared\":true,\"installed\":true,\"version\":\"3.11.0\",\"resolution\":\"F:\\\\Amazon\\\\amazon\\\\amazon-clone\\\\functions\\\\node_modules\\\\firebase-functions\\\\lib\\\\index.js\"}"}}
[debug] [2020-09-12T23:32:04.287Z] [runtime-status] [22808] Resolved module firebase-functions {"declared":true,"installed":true,"version":"3.11.0","resolution":"F:\\Amazon\\amazon\\amazon-clone\\functions\\node_modules\\firebase-functions\\lib\\index.js"} {"metadata":{"emulator":{"name":"functions"},"function":{"name":"api"},"message":"[runtime-status] [22808] Resolved module firebase-functions {\"declared\":true,\"installed\":true,\"version\":\"3.11.0\",\"resolution\":\"F:\\\\Amazon\\\\amazon\\\\amazon-clone\\\\functions\\\\node_modules\\\\firebase-functions\\\\lib\\\\index.js\"}"}}
[debug] [2020-09-12T23:32:04.290Z] [runtime-status] [22808] Outgoing network have been stubbed. [{"name":"http","status":"mocked"},{"name":"http","status":"mocked"},{"name":"https","status":"mocked"},{"name":"https","status":"mocked"},{"name":"net","status":"mocked"}] {"metadata":{"emulator":{"name":"functions"},"function":{"name":"api"},"message":"[runtime-status] [22808] Outgoing network have been stubbed. [{\"name\":\"http\",\"status\":\"mocked\"},{\"name\":\"http\",\"status\":\"mocked\"},{\"name\":\"https\",\"status\":\"mocked\"},{\"name\":\"https\",\"status\":\"mocked\"},{\"name\":\"net\",\"status\":\"mocked\"}]"}}
[debug] [2020-09-12T23:32:04.291Z] [runtime-status] [22808] Resolved module firebase-functions {"declared":true,"installed":true,"version":"3.11.0","resolution":"F:\\Amazon\\amazon\\amazon-clone\\functions\\node_modules\\firebase-functions\\lib\\index.js"} {"metadata":{"emulator":{"name":"functions"},"function":{"name":"api"},"message":"[runtime-status] [22808] Resolved module firebase-functions {\"declared\":true,\"installed\":true,\"version\":\"3.11.0\",\"resolution\":\"F:\\\\Amazon\\\\amazon\\\\amazon-clone\\\\functions\\\\node_modules\\\\firebase-functions\\\\lib\\\\index.js\"}"}}
[debug] [2020-09-12T23:32:04.380Z] [runtime-status] [22808] Checked functions.config() {"config":{}} {"metadata":{"emulator":{"name":"functions"},"function":{"name":"api"},"message":"[runtime-status] [22808] Checked functions.config() {\"config\":{}}"}}
[debug] [2020-09-12T23:32:04.380Z] [runtime-status] [22808] firebase-functions has been stubbed. {"functionsResolution":{"declared":true,"installed":true,"version":"3.11.0","resolution":"F:\\Amazon\\amazon\\amazon-clone\\functions\\node_modules\\firebase-functions\\lib\\index.js"}} {"metadata":{"emulator":{"name":"functions"},"function":{"name":"api"},"message":"[runtime-status] [22808] firebase-functions has been stubbed. {\"functionsResolution\":{\"declared\":true,\"installed\":true,\"version\":\"3.11.0\",\"resolution\":\"F:\\\\Amazon\\\\amazon\\\\amazon-clone\\\\functions\\\\node_modules\\\\firebase-functions\\\\lib\\\\index.js\"}}"}}
[debug] [2020-09-12T23:32:04.381Z] [runtime-status] [22808] Resolved module firebase-functions {"declared":true,"installed":true,"version":"3.11.0","resolution":"F:\\Amazon\\amazon\\amazon-clone\\functions\\node_modules\\firebase-functions\\lib\\index.js"} {"metadata":{"emulator":{"name":"functions"},"function":{"name":"api"},"message":"[runtime-status] [22808] Resolved module firebase-functions {\"declared\":true,\"installed\":true,\"version\":\"3.11.0\",\"resolution\":\"F:\\\\Amazon\\\\amazon\\\\amazon-clone\\\\functions\\\\node_modules\\\\firebase-functions\\\\lib\\\\index.js\"}"}}
[debug] [2020-09-12T23:32:04.383Z] [runtime-status] [22808] Resolved module firebase-admin {"declared":true,"installed":true,"version":"8.13.0","resolution":"F:\\Amazon\\amazon\\amazon-clone\\functions\\node_modules\\firebase-admin\\lib\\index.js"} {"metadata":{"emulator":{"name":"functions"},"function":{"name":"api"},"message":"[runtime-status] [22808] Resolved module firebase-admin {\"declared\":true,\"installed\":true,\"version\":\"8.13.0\",\"resolution\":\"F:\\\\Amazon\\\\amazon\\\\amazon-clone\\\\functions\\\\node_modules\\\\firebase-admin\\\\lib\\\\index.js\"}"}}
[debug] [2020-09-12T23:32:04.384Z] [runtime-status] [22808] Resolved module firebase-functions {"declared":true,"installed":true,"version":"3.11.0","resolution":"F:\\Amazon\\amazon\\amazon-clone\\functions\\node_modules\\firebase-functions\\lib\\index.js"} {"metadata":{"emulator":{"name":"functions"},"function":{"name":"api"},"message":"[runtime-status] [22808] Resolved module firebase-functions {\"declared\":true,\"installed\":true,\"version\":\"3.11.0\",\"resolution\":\"F:\\\\Amazon\\\\amazon\\\\amazon-clone\\\\functions\\\\node_modules\\\\firebase-functions\\\\lib\\\\index.js\"}"}}
[debug] [2020-09-12T23:32:04.385Z] [runtime-status] [22808] firebase-admin has been stubbed. {"adminResolution":{"declared":true,"installed":true,"version":"8.13.0","resolution":"F:\\Amazon\\amazon\\amazon-clone\\functions\\node_modules\\firebase-admin\\lib\\index.js"}} {"metadata":{"emulator":{"name":"functions"},"function":{"name":"api"},"message":"[runtime-status] [22808] firebase-admin has been stubbed. {\"adminResolution\":{\"declared\":true,\"installed\":true,\"version\":\"8.13.0\",\"resolution\":\"F:\\\\Amazon\\\\amazon\\\\amazon-clone\\\\functions\\\\node_modules\\\\firebase-admin\\\\lib\\\\index.js\"}}"}}
[debug] [2020-09-12T23:32:04.762Z] [runtime-status] [22808] Trigger "api" has been found, beginning invocation! {"metadata":{"emulator":{"name":"functions"},"function":{"name":"api"},"message":"[runtime-status] [22808] Trigger \"api\" has been found, beginning invocation!"}}
[info] i  functions: Beginning execution of "api" {"metadata":{"emulator":{"name":"functions"},"function":{"name":"api"},"message":"Beginning execution of \"api\""}}
[debug] [2020-09-12T23:32:04.764Z] [runtime-status] [22808] triggerDefinition {"httpsTrigger":{},"name":"api","entryPoint":"api"} {"metadata":{"emulator":{"name":"functions"},"function":{"name":"api"},"message":"[runtime-status] [22808] triggerDefinition {\"httpsTrigger\":{},\"name\":\"api\",\"entryPoint\":\"api\"}"}}
[debug] [2020-09-12T23:32:04.765Z] [runtime-status] [22808] Running api in mode HTTPS {"metadata":{"emulator":{"name":"functions"},"function":{"name":"api"},"message":"[runtime-status] [22808] Running api in mode HTTPS"}}
[debug] [2020-09-12T23:32:04.777Z] [runtime-status] [22808] Attempting to listen to socketPath: \\?\pipe\F:\Amazon\amazon\amazon-clone\functions\22808 {"metadata":{"emulator":{"name":"functions"},"function":{"name":"api"},"message":"[runtime-status] [22808] Attempting to listen to socketPath: \\\\?\\pipe\\F:\\Amazon\\amazon\\amazon-clone\\functions\\22808"}}
[debug] [2020-09-12T23:32:04.783Z] [functions] Runtime ready! Sending request! {"metadata":{"emulator":{"name":"functions"},"message":"[functions] Runtime ready! Sending request!"}}
[debug] [2020-09-12T23:32:04.801Z] [runtime-status] [22808] Ephemeral server handling POST request {"metadata":{"emulator":{"name":"functions"},"function":{"name":"api"},"message":"[runtime-status] [22808] Ephemeral server handling POST request"}}
[info] >  Payment Request Recieved BOOM!!! for this amount >>>  10999 {"user":"Payment Request Recieved BOOM!!! for this amount >>>  10999","metadata":{"emulator":{"name":"functions"},"function":{"name":"api"},"message":"\u001b[90m> \u001b[39m Payment Request Recieved BOOM!!! for this amount >>>  10999"}}
[debug] [2020-09-12T23:32:04.828Z] [runtime-status] [22808] Ephemeral server survived. {"metadata":{"emulator":{"name":"functions"},"function":{"name":"api"},"message":"[runtime-status] [22808] Ephemeral server survived."}}
[info] i  functions: Finished "api" in ~5s {"metadata":{"emulator":{"name":"functions"},"function":{"name":"api"},"message":"Finished \"api\" in ~5s"}}
[debug] [2020-09-12T23:32:10.280Z] [worker-api-b60aaefd-deac-4c41-9de2-e942743a53b6]: IDLE {"metadata":{"emulator":{"name":"functions"},"message":"[worker-api-b60aaefd-deac-4c41-9de2-e942743a53b6]: IDLE"}}
[debug] [2020-09-12T23:32:10.281Z] [work-queue] {"queueLength":0,"workRunningCount":0}
